2024-05-08 20:32:22,808 - INFO - nan_data_summary_table - Starting summary of Irradiance for total available data...
2024-05-08 21:02:01,754 - INFO - NaNDataSummaryTable - 
            Total NaN %  System Outage NaN %  GlobalIR  DirectIR  DiffuseIR  WindSpeed  Temperature
Month                                                                                              
2019-09-01        6.503                4.869     0.974     0.974      0.974      1.791        1.791
2019-10-01        0.670                0.346     0.069     0.069      0.069      0.231        0.231
2019-11-01        5.412                3.183     0.637     0.637      0.637      1.751        1.751
2019-12-01        9.596                5.775     1.155     1.155      1.155      3.066        3.066
2020-01-01        6.535                3.812     0.762     0.762      0.762      2.124        2.124
2020-02-01       11.523                6.982     1.396     1.396      1.396      3.667        3.667
2020-03-01       15.103               10.666     2.133     2.133      2.133      4.352        4.352
2020-04-01        0.053                0.002     0.000     0.000      0.000      0.026        0.026
2020-05-01        5.861                4.661     0.932     0.932      0.932      1.532        1.532
2020-06-01       51.219               42.499     8.500     8.500      8.500     12.860       12.860
2020-07-01       58.376               47.926     9.585     9.585      9.585     14.810       14.810
2020-08-01       62.484               48.784     9.757     9.757      9.757     16.607       16.607
2020-09-01        2.489                1.840     0.368     0.368      0.368      0.692        0.692
2020-10-01        0.078                0.053     0.011     0.011      0.011      0.023        0.023
2020-11-01        0.036                0.008     0.002     0.002      0.002      0.016        0.016
2020-12-01        0.093                0.057     0.011     0.011      0.011      0.029        0.029
2021-01-01        1.759                1.723     0.345     0.345      0.345      0.362        0.362
2021-02-01        0.281                0.244     0.049     0.049      0.049      0.067        0.067
2021-03-01        0.712                0.675     0.135     0.135      0.135      0.154        0.154
2021-04-01        0.724                0.660     0.132     0.132      0.132      0.164        0.164
2021-05-01        0.329                0.279     0.056     0.056      0.056      0.081        0.081
2021-06-01       11.608               11.564     2.313     2.313      2.313      2.335        2.335
2021-07-01        0.060                0.020     0.004     0.004      0.004      0.024        0.024
2021-08-01        0.283                0.242     0.048     0.048      0.048      0.069        0.069
2021-09-01        0.074                0.008     0.002     0.002      0.002      0.035        0.035
2021-10-01        0.103                0.017     0.003     0.003      0.003      0.047        0.047
2021-11-01       15.870               10.193     2.039     2.039      2.039      4.877        4.877
2021-12-01        0.223                0.175     0.035     0.035      0.035      0.059        0.059
2022-01-01        0.065                0.004     0.001     0.001      0.001      0.031        0.031
2022-02-01        0.089                0.023     0.005     0.005      0.005      0.037        0.037
2022-03-01        0.088                0.016     0.003     0.003      0.003      0.039        0.039
2022-04-01        0.132                0.059     0.012     0.012      0.012      0.048        0.048
2022-05-01        0.096                0.029     0.006     0.006      0.006      0.039        0.039
2022-06-01        0.089                0.046     0.009     0.009      0.009      0.031        0.031
2022-07-01        0.016                0.007     0.001     0.001      0.001      0.006        0.006
2022-08-01        0.035                0.020     0.004     0.004      0.004      0.011        0.011
2022-09-01        3.316                2.692     0.538     0.538      0.538      0.850        0.850
2022-10-01        0.021                0.006     0.001     0.001      0.001      0.009        0.009
2022-11-01       33.304               19.210     3.842     3.842      3.842     10.889       10.889
2022-12-01        1.396                0.971     0.194     0.194      0.194      0.407        0.407
2023-01-01        0.088                0.052     0.010     0.010      0.010      0.029        0.029
2023-02-01        0.041                0.024     0.005     0.005      0.005      0.013        0.013
2023-03-01        3.689                2.584     0.517     0.517      0.517      1.070        1.069
2024-05-08 21:02:02,273 - INFO - nan_data_summary_table - Complete.
2024-05-08 21:02:02,273 - INFO - nan_data_summary_table - Total runtime: 00:29:39
2024-05-08 21:02:02,273 - INFO - nan_data_summary_table - 
# ====================================================================== #
# =============================== New Run ============================== #
# ====================================================================== #
2024-05-13 20:35:23,249 - INFO - nan_data_summary_table - Starting summary of Deger for total available data...
2024-05-13 21:16:01,621 - INFO - NaNDataSummaryTable - 
            Total NaN %  System Outage NaN %  MonoSi_Vin  MonoSi_Iin  MonoSi_Vout  MonoSi_Iout  PolySi_Vin  PolySi_Iin  PolySi_Vout  ...  TFSi_a_Iout  TFcigs_Vin  TFcigs_Iin  TFcigs_Vout  TFcigs_Iout  TempF_Mono  TempF_Poly  TempF_Amor  TempF_Cigs
Month                                                                                                                                ...                                                                                                               
2019-10-01        2.540                1.155       0.058       0.058        0.058        0.059       0.058       0.058        0.058  ...        0.058       0.058       0.090        0.058        1.398       0.058       0.058       0.058       0.058
2019-11-01       10.306                8.755       0.438       0.438        0.438        0.438       0.438       0.438        0.438  ...        0.438       0.438       0.486        0.438        1.936       0.438       0.438       0.438       0.438
2020-01-01       12.780               10.594       0.550       0.621        0.552        0.555       0.550       0.626        0.552  ...        0.532       0.560       0.671        0.552        1.992       0.530       0.530       0.530       0.530
2020-02-01       19.289               18.297       0.915       0.915        0.915        0.915       0.915       0.915        0.915  ...        0.915       0.915       0.932        0.915        1.884       0.915       0.915       0.915       0.915
2020-03-01       22.527               21.758       1.088       1.088        1.088        1.088       1.088       1.088        1.088  ...        1.088       1.088       1.101        1.088        1.837       1.088       1.088       1.088       1.088
2020-04-01        0.888                0.130       0.007       0.007        0.007        0.008       0.007       0.007        0.007  ...        0.007       0.007       0.018        0.007        0.741       0.007       0.007       0.007       0.007
2020-06-01       64.580               64.296       3.215       3.215        3.215        3.216       3.215       3.215        3.215  ...        3.215       3.215       3.219        3.215        3.486       3.215       3.215       3.215       3.215
2020-07-01       73.372               73.132       3.657       3.657        3.657        3.657       3.657       3.657        3.657  ...        3.657       3.657       3.659        3.657        3.892       3.657       3.657       3.657       3.657
2020-08-01       83.219               83.035       4.152       4.152        4.152        4.152       4.152       4.152        4.152  ...        4.152       4.152       4.154        4.152        4.332       4.152       4.152       4.152       4.152
2020-09-01        4.633                3.461       0.173       0.173        0.173        0.173       0.173       0.173        0.173  ...        0.173       0.173       0.179        0.173        1.338       0.173       0.173       0.173       0.173
2020-10-01        1.924                0.114       0.006       0.006        0.006        0.006       0.006       0.006        0.006  ...        0.006       0.006       0.032        0.006        1.786       0.006       0.006       0.006       0.006
2020-11-01        1.947                0.079       0.004       0.004        0.004        0.004       0.004       0.004        0.004  ...        0.004       0.004       0.033        0.004        1.839       0.004       0.004       0.004       0.004
2020-12-01        2.351                0.147       0.007       0.007        0.007        0.007       0.007       0.007        0.007  ...        0.007       0.007       0.051        0.007        2.165       0.007       0.007       0.007       0.007
2021-01-01        2.245                0.092       0.005       0.005        0.005        0.005       0.005       0.005        0.005  ...        0.005       0.005       0.054        0.005        2.103       0.005       0.005       0.005       0.005
2021-02-01        1.932                0.114       0.006       0.006        0.006        0.006       0.006       0.006        0.006  ...        0.006       0.006       0.043        0.006        1.780       0.006       0.006       0.006       0.006
2021-03-01        2.258                0.766       0.038       0.038        0.038        0.038       0.038       0.038        0.038  ...        0.038       0.038       0.055        0.038        1.510       0.038       0.038       0.038       0.038
2021-04-01        2.082                0.819       0.041       0.041        0.041        0.041       0.041       0.041        0.041  ...        0.041       0.041       0.049        0.041        1.293       0.041       0.041       0.041       0.041
2021-05-01        1.642                0.402       0.020       0.020        0.020        0.020       0.020       0.020        0.020  ...        0.020       0.020       0.024        0.020        1.253       0.020       0.020       0.020       0.020
2021-06-01        2.471                1.292       0.065       0.065        0.065        0.065       0.065       0.065        0.065  ...        0.065       0.065       0.069        0.065        1.238       0.065       0.065       0.065       0.065
2021-07-01        1.346                0.120       0.006       0.006        0.006        0.006       0.006       0.006        0.006  ...        0.006       0.006       0.012        0.006        1.223       0.006       0.006       0.006       0.006
2021-08-01        1.626                0.346       0.017       0.017        0.017        0.017       0.017       0.017        0.017  ...        0.017       0.017       0.026        0.017        1.285       0.017       0.017       0.017       0.017
2021-09-01        1.578                0.173       0.009       0.009        0.009        0.009       0.009       0.009        0.009  ...        0.009       0.009       0.023        0.009        1.396       0.009       0.009       0.009       0.009
2021-10-01        1.897                0.231       0.012       0.012        0.012        0.012       0.012       0.012        0.012  ...        0.012       0.012       0.029        0.012        1.659       0.012       0.012       0.012       0.012
2021-11-01       25.830               24.387       1.219       1.219        1.219        1.219       1.219       1.219        1.219  ...        1.219       1.219       1.232        1.219        2.649       1.219       1.219       1.219       1.219
2021-12-01        2.243                0.295       0.015       0.015        0.015        0.015       0.015       0.015        0.015  ...        0.015       0.015       0.024        0.015        1.953       0.015       0.015       0.015       0.015
2022-01-01        2.030                0.157       0.008       0.008        0.008        0.008       0.008       0.008        0.008  ...        0.008       0.008       0.023        0.008        1.865       0.008       0.008       0.008       0.008
2022-02-01        1.819                0.177       0.009       0.009        0.009        0.009       0.009       0.009        0.009  ...        0.009       0.009       0.023        0.009        1.636       0.009       0.009       0.009       0.009
2022-03-01        1.420                0.196       0.010       0.010        0.010        0.010       0.010       0.010        0.010  ...        0.010       0.010       0.017        0.010        1.226       0.010       0.010       0.010       0.010
2022-04-01        1.380                0.242       0.012       0.012        0.012        0.012       0.012       0.012        0.012  ...        0.012       0.012       0.018        0.012        1.144       0.012       0.012       0.012       0.012
2022-05-01        1.107                0.196       0.010       0.010        0.010        0.010       0.010       0.010        0.010  ...        0.010       0.010       0.012        0.010        0.918       0.010       0.010       0.010       0.010
2022-06-01        1.061                0.154       0.008       0.008        0.008        0.008       0.008       0.008        0.008  ...        0.008       0.008       0.009        0.008        0.913       0.008       0.008       0.008       0.008
2022-07-01        0.891                0.031       0.002       0.002        0.002        0.002       0.002       0.002        0.002  ...        0.002       0.002       0.002        0.002        0.860       0.002       0.002       0.002       0.002
2022-08-01        1.016                0.057       0.003       0.003        0.003        0.003       0.003       0.003        0.003  ...        0.003       0.003       0.004        0.003        0.960       0.003       0.003       0.003       0.003
2022-09-01        5.413                4.252       0.213       0.213        0.213        0.213       0.213       0.213        0.213  ...        0.213       0.213       0.216        0.213        1.371       0.213       0.213       0.213       0.213
2022-10-01        1.449                0.043       0.002       0.002        0.002        0.002       0.002       0.002        0.002  ...        0.002       0.002       0.005        0.002        1.405       0.002       0.002       0.002       0.002
2022-11-01       55.142               54.446       2.722       2.722        2.722        2.722       2.722       2.722        2.722  ...        2.722       2.722       2.724        2.722        3.416       2.722       2.722       2.722       2.722
2022-12-01        3.753                2.034       0.102       0.102        0.102        0.102       0.102       0.102        0.102  ...        0.102       0.102       0.112        0.102        1.810       0.102       0.102       0.102       0.102
2023-01-01        1.887                0.143       0.007       0.007        0.007        0.007       0.007       0.007        0.007  ...        0.007       0.007       0.016        0.007        1.742       0.007       0.007       0.007       0.007
2023-02-01        1.516                0.066       0.003       0.003        0.003        0.003       0.003       0.003        0.003  ...        0.003       0.003       0.009        0.003        1.447       0.003       0.003       0.003       0.003
2023-03-01        6.554                5.335       0.267       0.267        0.267        0.267       0.267       0.267        0.267  ...        0.267       0.267       0.270        0.267        1.482       0.267       0.267       0.267       0.267

[40 rows x 22 columns]
2024-05-13 21:16:04,093 - INFO - nan_data_summary_table - Complete.
2024-05-13 21:16:04,093 - INFO - nan_data_summary_table - Total runtime: 00:40:40
2024-05-13 21:16:04,093 - INFO - nan_data_summary_table - 
# ====================================================================== #
# =============================== New Run ============================== #
# ====================================================================== #
2024-05-14 04:49:40,154 - INFO - nan_data_summary_table - Starting summary of Fixed for total available data...
2024-05-14 05:05:04,256 - INFO - NaNDataSummaryTable - 
                     Total NaN %  System Outage NaN %  MonoSi_Vin  MonoSi_Iin  MonoSi_Vout  MonoSi_Iout  PolySi_Vin  PolySi_Iin  PolySi_Vout  ...  TFSi_a_Iout  TFcigs_Vin  TFcigs_Iin  TFcigs_Vout  TFcigs_Iout  TempF_Mono  TempF_Poly  TempF_Amor  TempF_Cigs
Month                                                                                                                                         ...                                                                                                               
2019-09-01 00:00:00        8.988                8.951       0.448       0.460        0.448        0.448       0.448       0.459        0.448  ...        0.448       0.448       0.449        0.448        0.448       0.448       0.448       0.448       0.448
2019-10-01 00:00:00        1.244                1.155       0.072       0.103        0.072        0.072       0.072       0.102        0.072  ...        0.072       6.250       6.250        6.250        6.250       0.072       0.072       0.072       0.072
2019-11-01 00:00:00        8.865                8.755       0.547       0.585        0.547        0.547       0.547       0.584        0.547  ...        0.547       6.250       6.250        6.250        6.250       0.547       0.547       0.547       0.547
2019-12-01 00:00:00       15.423               15.329       0.958       0.995        0.958        0.958       0.958       0.994        0.958  ...        0.958       6.250       6.250        6.250        6.250       0.958       0.958       0.958       0.958
2020-01-01 00:00:00       10.689               10.594       0.530       0.563        0.530        0.530       0.530       0.561        0.530  ...        0.530       0.530       0.540        0.530        0.530       0.530       0.530       0.530       0.530
2020-02-01 00:00:00       18.371               18.297       0.915       0.934        0.915        0.915       0.915       0.934        0.915  ...        0.915       0.915       0.933        0.915        0.915       0.915       0.915       0.915       0.915
2020-03-01 00:00:00       21.760               21.758       1.088       1.088        1.088        1.088       1.088       1.088        1.088  ...        1.088       1.088       1.089        1.088        1.088       1.088       1.088       1.088       1.088
2020-04-01 00:00:00        0.132                0.130       0.006       0.007        0.006        0.006       0.006       0.007        0.006  ...        0.006       0.006       0.007        0.006        0.006       0.006       0.006       0.006       0.006
2020-06-01 00:00:00       64.359               64.293       3.215       3.237        3.215        3.215       3.215       3.235        3.215  ...        3.215       3.215       3.228        3.215        3.215       3.215       3.215       3.215       3.215
2020-07-01 00:00:00       73.201               73.132       3.657       3.673        3.657        3.657       3.657       3.675        3.657  ...        3.657       3.657       3.674        3.657        3.657       3.657       3.657       3.657       3.657
2020-08-01 00:00:00       83.066               83.036       4.152       4.154        4.152        4.152       4.152       4.163        4.152  ...        4.152       4.152       4.160        4.152        4.152       4.152       4.152       4.152       4.152
2020-09-01 00:00:00        3.471                3.462       0.182       0.183        0.182        5.263       0.182       0.184        0.182  ...        0.182       0.182       0.185        0.182        0.182       0.182       0.182       0.182       0.182
2021-01-01 00:00:00        0.107                0.094       0.005       0.009        0.005        0.005       0.005       0.008        0.005  ...        0.005       0.005       0.008        0.005        0.005       0.005       0.005       0.005       0.005
2021-02-01 00:00:00        0.130                0.115       0.006       0.010        0.006        0.006       0.006       0.009        0.006  ...        0.006       0.006       0.009        0.006        0.006       0.006       0.006       0.006       0.006
2021-03-01 00:00:00        0.778                0.762       0.038       0.042        0.038        0.038       0.038       0.042        0.038  ...        0.038       0.038       0.042        0.038        0.038       0.038       0.038       0.038       0.038
2021-04-01 00:00:00        0.835                0.816       0.041       0.046        0.041        0.041       0.041       0.046        0.041  ...        0.041       0.041       0.045        0.041        0.041       0.041       0.041       0.041       0.041
2021-05-01 00:00:00        0.425                0.405       0.020       0.025        0.020        0.020       0.020       0.026        0.020  ...        0.020       0.020       0.025        0.020        0.020       0.020       0.020       0.020       0.020
2021-06-01 00:00:00        1.305                1.285       0.064       0.070        0.064        0.064       0.064       0.069        0.064  ...        0.064       0.064       0.068        0.064        0.064       0.064       0.064       0.064       0.064
2021-07-01 00:00:00        0.138                0.121       0.006       0.011        0.006        0.006       0.006       0.010        0.006  ...        0.006       0.006       0.010        0.006        0.006       0.006       0.006       0.006       0.006
2021-08-01 00:00:00        0.365                0.348       0.017       0.023        0.017        0.017       0.017       0.021        0.017  ...        0.017       0.017       0.021        0.017        0.017       0.017       0.017       0.017       0.017
2021-09-01 00:00:00        0.189                0.173       0.009       0.013        0.009        0.009       0.009       0.013        0.009  ...        0.009       0.009       0.012        0.009        0.009       0.009       0.009       0.009       0.009
2021-10-01 00:00:00        0.246                0.231       0.012       0.016        0.012        0.012       0.012       0.015        0.012  ...        0.012       0.012       0.015        0.012        0.012       0.012       0.012       0.012       0.012
2021-11-01 00:00:00       24.397               24.388       1.219       1.222        1.219        1.219       1.219       1.222        1.219  ...        1.219       1.219       1.221        1.219        1.219       1.219       1.219       1.219       1.219
2021-12-01 00:00:00        0.307                0.295       0.015       0.018        0.015        0.015       0.015       0.018        0.015  ...        0.015       0.015       0.018        0.015        0.015       0.015       0.015       0.015       0.015
2022-01-01 00:00:00        0.172                0.159       0.008       0.011        0.008        0.008       0.008       0.012        0.008  ...        0.008       0.008       0.011        0.008        0.008       0.008       0.008       0.008       0.008
2022-02-01 00:00:00        0.195                0.181       0.009       0.013        0.009        0.009       0.009       0.013        0.009  ...        0.009       0.009       0.012        0.009        0.009       0.009       0.009       0.009       0.009
2022-03-01 00:00:00        0.216                0.198       0.010       0.015        0.010        0.010       0.010       0.014        0.010  ...        0.010       0.010       0.014        0.010        0.010       0.010       0.010       0.010       0.010
2022-04-01 00:00:00        0.264                0.244       0.012       0.017        0.012        0.012       0.012       0.017        0.012  ...        0.012       0.012       0.017        0.012        0.012       0.012       0.012       0.012       0.012
2022-05-01 00:00:00        0.215                0.193       0.010       0.015        0.010        0.010       0.010       0.015        0.010  ...        0.010       0.010       0.015        0.010        0.010       0.010       0.010       0.010       0.010
2022-06-01 00:00:00        0.174                0.151       0.008       0.014        0.008        0.008       0.008       0.013        0.008  ...        0.008       0.008       0.013        0.008        0.008       0.008       0.008       0.008       0.008
2022-07-01 00:00:00        0.055                0.034       0.002       0.008        0.002        0.002       0.002       0.007        0.002  ...        0.002       0.002       0.007        0.002        0.002       0.002       0.002       0.002       0.002
2022-08-01 00:00:00        0.081                0.059       0.003       0.009        0.003        0.003       0.003       0.009        0.003  ...        0.003       0.003       0.008        0.003        0.003       0.003       0.003       0.003       0.003
2022-09-01 00:00:00        4.272                4.252       0.213       0.218        0.213        0.213       0.213       0.217        0.213  ...        0.213       0.213       0.217        0.213        0.213       0.213       0.213       0.213       0.213
2022-10-01 00:00:00        0.065                0.044       0.002       0.008        0.002        0.002       0.002       0.007        0.002  ...        0.002       0.002       0.007        0.002        0.002       0.002       0.002       0.002       0.002
2022-11-01 00:00:20       54.457               54.448       2.722       2.725        2.722        2.722       2.722       2.725        2.722  ...        2.722       2.722       2.725        2.722        2.722       2.722       2.722       2.722       2.722
2022-12-01 00:00:00        2.048                2.038       0.102       0.105        0.102        0.102       0.102       0.105        0.102  ...        0.102       0.102       0.105        0.102        0.102       0.102       0.102       0.102       0.102
2023-01-01 00:00:00        0.156                0.143       0.007       0.010        0.007        0.007       0.007       0.011        0.007  ...        0.007       0.007       0.011        0.007        0.007       0.007       0.007       0.007       0.007
2023-02-01 00:00:00        0.085                0.068       0.003       0.008        0.003        0.003       0.003       0.008        0.003  ...        0.003       0.003       0.007        0.003        0.003       0.003       0.003       0.003       0.003
2023-03-01 00:00:00        5.348                5.331       0.267       0.271        0.267        0.267       0.267       0.271        0.267  ...        0.267       0.267       0.271        0.267        0.267       0.267       0.267       0.267       0.267

[39 rows x 22 columns]
2024-05-14 05:05:06,247 - INFO - nan_data_summary_table - Complete.
2024-05-14 05:05:06,247 - INFO - nan_data_summary_table - Total runtime: 00:15:26
2024-05-14 05:05:06,247 - INFO - nan_data_summary_table - 
# ====================================================================== #
# =============================== New Run ============================== #
# ====================================================================== #
2024-05-14 05:08:32,554 - INFO - NaNSummary - Summary for all available Deger data.
